<?xml version="1.0" encoding="UTF-8"?>
<!-- Generated by org.testng.reporters.JUnitReportReporter -->
<testsuite hostname="Vamsi" failures="0" tests="1" name="testCases.TC002_LoginTest" time="1.390" errors="0" timestamp="2024-10-10T12:56:40 IST" skipped="0">
  <testcase classname="testCases.TC002_LoginTest" name="verifyLoginTest" time="1.390"/>
</testsuite> <!-- testCases.TC002_LoginTest -->
