<?xml version="1.0" encoding="UTF-8"?>
<!-- Generated by org.testng.reporters.JUnitReportReporter -->
<testsuite hostname="Vamsi" failures="0" tests="3" name="testCases.TC003_LoginDDT" time="25.238" errors="0" timestamp="2024-10-10T17:10:44 IST" skipped="0">
  <testcase classname="testCases.TC003_LoginDDT" name="verify_LoginDDT" time="11.382"/>
  <testcase classname="testCases.TC003_LoginDDT" name="verify_LoginDDT" time="2.517"/>
  <testcase classname="testCases.TC003_LoginDDT" name="verify_LoginDDT" time="11.339"/>
</testsuite> <!-- testCases.TC003_LoginDDT -->
